20/09/2014 12:06:10.717 - GameLog] - [FINE] - A new game is starting
20/09/2014 12:06:13.031 - ResponseLog] - [FINE] - human responded with move SAME_DIRECTION for turn 1
20/09/2014 12:06:13.031 - ResponseLog] - [FINE] - 0 (3, 10) wants to move RIGHT
20/09/2014 12:06:13.032 - ResponseLog] - [FINE] - MyPlayer responded with move MOVE_RIGHT for turn 1
20/09/2014 12:06:14.090 - ResponseLog] - [FINE] - human responded with move SAME_DIRECTION for turn 2
20/09/2014 12:06:14.090 - ResponseLog] - [FINE] - 0 (4, 10) wants to move RIGHT
20/09/2014 12:06:14.090 - ResponseLog] - [FINE] - MyPlayer responded with move SAME_DIRECTION for turn 2
20/09/2014 12:06:14.091 - ResponseLog] - [FINE] - 1 (16, 10) wants to move LEFT
20/09/2014 12:06:14.246 - ResponseLog] - [FINE] - human responded with move SAME_DIRECTION for turn 3
20/09/2014 12:06:14.246 - ResponseLog] - [FINE] - 0 (5, 10) wants to move RIGHT
20/09/2014 12:06:14.246 - ResponseLog] - [FINE] - MyPlayer responded with move MOVE_DOWN for turn 3
20/09/2014 12:06:14.247 - ResponseLog] - [FINE] - 1 (15, 10) wants to move DOWN
20/09/2014 12:06:14.355 - ResponseLog] - [FINE] - human responded with move SAME_DIRECTION for turn 4
20/09/2014 12:06:14.356 - ResponseLog] - [FINE] - 0 (6, 10) wants to move RIGHT
20/09/2014 12:06:14.356 - ResponseLog] - [FINE] - MyPlayer responded with move MOVE_DOWN for turn 4
20/09/2014 12:06:14.356 - ResponseLog] - [FINE] - 1 (15, 11) wants to move DOWN
20/09/2014 12:06:14.465 - ResponseLog] - [FINE] - human responded with move SAME_DIRECTION for turn 5
20/09/2014 12:06:14.465 - ResponseLog] - [FINE] - 0 (7, 10) wants to move RIGHT
20/09/2014 12:06:14.465 - ResponseLog] - [FINE] - MyPlayer responded with move MOVE_DOWN for turn 5
20/09/2014 12:06:14.466 - ResponseLog] - [FINE] - 1 (15, 12) wants to move DOWN
20/09/2014 12:06:14.575 - ResponseLog] - [FINE] - human responded with move SAME_DIRECTION for turn 6
20/09/2014 12:06:14.575 - ResponseLog] - [FINE] - 0 (8, 10) wants to move RIGHT
20/09/2014 12:06:14.576 - ResponseLog] - [FINE] - MyPlayer responded with move MOVE_UP for turn 6
20/09/2014 12:06:14.576 - ResponseLog] - [FINE] - 1 (15, 13) wants to move DOWN
20/09/2014 12:06:14.686 - ResponseLog] - [FINE] - human responded with move SAME_DIRECTION for turn 7
20/09/2014 12:06:14.687 - ResponseLog] - [FINE] - 0 (9, 10) wants to move RIGHT
20/09/2014 12:06:14.687 - ResponseLog] - [FINE] - MyPlayer responded with move MOVE_DOWN for turn 7
20/09/2014 12:06:14.688 - ResponseLog] - [FINE] - 1 (15, 14) wants to move DOWN
20/09/2014 12:06:14.797 - ResponseLog] - [FINE] - human responded with move SAME_DIRECTION for turn 8
20/09/2014 12:06:14.797 - ResponseLog] - [FINE] - 0 (10, 10) wants to move RIGHT
20/09/2014 12:06:14.798 - ResponseLog] - [FINE] - MyPlayer responded with move MOVE_DOWN for turn 8
20/09/2014 12:06:14.798 - ResponseLog] - [FINE] - 1 (15, 15) wants to move DOWN
20/09/2014 12:06:14.907 - ResponseLog] - [FINE] - human responded with move SAME_DIRECTION for turn 9
20/09/2014 12:06:14.907 - ResponseLog] - [FINE] - 0 (11, 10) wants to move RIGHT
20/09/2014 12:06:14.908 - ResponseLog] - [FINE] - MyPlayer responded with move MOVE_RIGHT for turn 9
20/09/2014 12:06:14.908 - ResponseLog] - [FINE] - 1 (15, 16) wants to move RIGHT
20/09/2014 12:06:15.016 - ResponseLog] - [FINE] - human responded with move SAME_DIRECTION for turn 10
20/09/2014 12:06:15.016 - ResponseLog] - [FINE] - 0 (12, 10) wants to move RIGHT
20/09/2014 12:06:15.016 - ResponseLog] - [FINE] - MyPlayer responded with move MOVE_RIGHT for turn 10
20/09/2014 12:06:15.017 - ResponseLog] - [FINE] - 1 (16, 16) wants to move RIGHT
20/09/2014 12:06:15.124 - ResponseLog] - [FINE] - human responded with move SAME_DIRECTION for turn 11
20/09/2014 12:06:15.124 - ResponseLog] - [FINE] - 0 (13, 10) wants to move RIGHT
20/09/2014 12:06:15.125 - ResponseLog] - [FINE] - MyPlayer responded with move SAME_DIRECTION for turn 11
20/09/2014 12:06:15.125 - ResponseLog] - [FINE] - 1 (17, 16) wants to move RIGHT
20/09/2014 12:06:15.233 - ResponseLog] - [FINE] - human responded with move SAME_DIRECTION for turn 12
20/09/2014 12:06:15.234 - ResponseLog] - [FINE] - 0 (14, 10) wants to move RIGHT
20/09/2014 12:06:15.234 - ResponseLog] - [FINE] - MyPlayer responded with move MOVE_UP for turn 12
20/09/2014 12:06:15.234 - ResponseLog] - [FINE] - 1 (18, 16) wants to move UP
20/09/2014 12:06:15.342 - ResponseLog] - [FINE] - human responded with move SAME_DIRECTION for turn 13
20/09/2014 12:06:15.343 - ResponseLog] - [FINE] - 0 (15, 10) wants to move RIGHT
20/09/2014 12:06:15.343 - ResponseLog] - [FINE] - MyPlayer responded with move SAME_DIRECTION for turn 13
20/09/2014 12:06:15.343 - ResponseLog] - [FINE] - 1 (18, 15) wants to move UP
20/09/2014 12:06:15.451 - ResponseLog] - [FINE] - human responded with move SAME_DIRECTION for turn 14
20/09/2014 12:06:15.452 - ResponseLog] - [FINE] - 0 (15, 10) wants to move RIGHT
20/09/2014 12:06:15.452 - ResponseLog] - [FINE] - MyPlayer responded with move MOVE_DOWN for turn 14
20/09/2014 12:06:15.452 - ResponseLog] - [FINE] - 1 (18, 14) wants to move UP
20/09/2014 12:06:15.560 - ResponseLog] - [FINE] - human responded with move SAME_DIRECTION for turn 15
20/09/2014 12:06:15.560 - ResponseLog] - [FINE] - 0 (15, 10) wants to move RIGHT
20/09/2014 12:06:15.560 - ResponseLog] - [FINE] - MyPlayer responded with move SAME_DIRECTION for turn 15
20/09/2014 12:06:15.560 - ResponseLog] - [FINE] - 1 (18, 13) wants to move UP
20/09/2014 12:06:15.668 - ResponseLog] - [FINE] - human responded with move SAME_DIRECTION for turn 16
20/09/2014 12:06:15.669 - ResponseLog] - [FINE] - 0 (15, 10) wants to move RIGHT
20/09/2014 12:06:15.669 - ResponseLog] - [FINE] - MyPlayer responded with move MOVE_DOWN for turn 16
20/09/2014 12:06:15.669 - ResponseLog] - [FINE] - 1 (18, 12) wants to move UP
20/09/2014 12:06:15.778 - ResponseLog] - [FINE] - human responded with move SAME_DIRECTION for turn 17
20/09/2014 12:06:15.778 - ResponseLog] - [FINE] - 0 (15, 10) wants to move RIGHT
20/09/2014 12:06:15.778 - ResponseLog] - [FINE] - MyPlayer responded with move MOVE_UP for turn 17
20/09/2014 12:06:15.778 - ResponseLog] - [FINE] - 1 (18, 11) wants to move UP
20/09/2014 12:06:15.887 - ResponseLog] - [FINE] - human responded with move SAME_DIRECTION for turn 18
20/09/2014 12:06:15.888 - ResponseLog] - [FINE] - 0 (15, 10) wants to move RIGHT
20/09/2014 12:06:15.888 - ResponseLog] - [FINE] - MyPlayer responded with move MOVE_DOWN for turn 18
20/09/2014 12:06:15.888 - ResponseLog] - [FINE] - 1 (18, 10) wants to move UP
20/09/2014 12:06:15.997 - ResponseLog] - [FINE] - human responded with move SAME_DIRECTION for turn 19
20/09/2014 12:06:15.997 - ResponseLog] - [FINE] - 0 (15, 10) wants to move RIGHT
20/09/2014 12:06:15.998 - ResponseLog] - [FINE] - MyPlayer responded with move MOVE_DOWN for turn 19
20/09/2014 12:06:15.998 - ResponseLog] - [FINE] - 1 (18, 9) wants to move UP
20/09/2014 12:06:16.106 - ResponseLog] - [FINE] - human responded with move SAME_DIRECTION for turn 20
20/09/2014 12:06:16.106 - ResponseLog] - [FINE] - 0 (15, 10) wants to move RIGHT
20/09/2014 12:06:16.106 - ResponseLog] - [FINE] - MyPlayer responded with move MOVE_RIGHT for turn 20
20/09/2014 12:06:16.106 - ResponseLog] - [FINE] - 1 (18, 8) wants to move RIGHT
20/09/2014 12:06:16.215 - ResponseLog] - [FINE] - human responded with move SAME_DIRECTION for turn 21
20/09/2014 12:06:16.215 - ResponseLog] - [FINE] - 0 (15, 10) wants to move RIGHT
20/09/2014 12:06:16.215 - ResponseLog] - [FINE] - MyPlayer responded with move SAME_DIRECTION for turn 21
20/09/2014 12:06:16.216 - ResponseLog] - [FINE] - 1 (19, 8) wants to move RIGHT
20/09/2014 12:06:16.339 - GameLog] - [FINE] - Player MyPlayer left
20/09/2014 12:06:16.356 - GameLog] - [FINE] - /Users/User/Desktop/ORBIS_CHALLENGE_2014/OrbisChallengeDevKit-Java/grades\/human.MyPlayer_1.xml
20/09/2014 12:07:38.275 - GameLog] - [FINE] - A new game is starting
20/09/2014 12:07:38.465 - ResponseLog] - [FINE] - human responded with move SAME_DIRECTION for turn 1
20/09/2014 12:07:38.465 - ResponseLog] - [FINE] - 0 (3, 10) wants to move RIGHT
20/09/2014 12:07:38.466 - ResponseLog] - [FINE] - MyPlayer responded with move SAME_DIRECTION for turn 1
20/09/2014 12:07:38.466 - ResponseLog] - [FINE] - 1 (17, 10) wants to move LEFT
20/09/2014 12:07:38.575 - ResponseLog] - [FINE] - human responded with move SAME_DIRECTION for turn 2
20/09/2014 12:07:38.575 - ResponseLog] - [FINE] - 0 (4, 10) wants to move RIGHT
20/09/2014 12:07:38.576 - ResponseLog] - [FINE] - MyPlayer responded with move MOVE_UP for turn 2
20/09/2014 12:07:38.576 - ResponseLog] - [FINE] - 1 (16, 10) wants to move UP
20/09/2014 12:07:38.685 - ResponseLog] - [FINE] - human responded with move SAME_DIRECTION for turn 3
20/09/2014 12:07:38.685 - ResponseLog] - [FINE] - 0 (5, 10) wants to move RIGHT
20/09/2014 12:07:38.686 - ResponseLog] - [FINE] - MyPlayer responded with move SAME_DIRECTION for turn 3
20/09/2014 12:07:38.686 - ResponseLog] - [FINE] - 1 (16, 9) wants to move UP
20/09/2014 12:07:38.794 - ResponseLog] - [FINE] - human responded with move SAME_DIRECTION for turn 4
20/09/2014 12:07:38.794 - ResponseLog] - [FINE] - 0 (6, 10) wants to move RIGHT
20/09/2014 12:07:38.794 - ResponseLog] - [FINE] - MyPlayer responded with move SAME_DIRECTION for turn 4
20/09/2014 12:07:38.795 - ResponseLog] - [FINE] - 1 (16, 8) wants to move UP
20/09/2014 12:07:38.904 - ResponseLog] - [FINE] - human responded with move SAME_DIRECTION for turn 5
20/09/2014 12:07:38.905 - ResponseLog] - [FINE] - 0 (7, 10) wants to move RIGHT
20/09/2014 12:07:38.905 - ResponseLog] - [FINE] - MyPlayer responded with move SAME_DIRECTION for turn 5
20/09/2014 12:07:38.905 - ResponseLog] - [FINE] - 1 (16, 7) wants to move UP
20/09/2014 12:07:39.014 - ResponseLog] - [FINE] - human responded with move SAME_DIRECTION for turn 6
20/09/2014 12:07:39.014 - ResponseLog] - [FINE] - 0 (8, 10) wants to move RIGHT
20/09/2014 12:07:39.015 - ResponseLog] - [FINE] - MyPlayer responded with move MOVE_RIGHT for turn 6
20/09/2014 12:07:39.015 - ResponseLog] - [FINE] - 1 (16, 6) wants to move RIGHT
20/09/2014 12:07:39.123 - ResponseLog] - [FINE] - human responded with move SAME_DIRECTION for turn 7
20/09/2014 12:07:39.124 - ResponseLog] - [FINE] - 0 (9, 10) wants to move RIGHT
20/09/2014 12:07:39.124 - ResponseLog] - [FINE] - MyPlayer responded with move MOVE_DOWN for turn 7
20/09/2014 12:07:39.125 - ResponseLog] - [FINE] - 1 (17, 6) wants to move DOWN
20/09/2014 12:07:39.233 - ResponseLog] - [FINE] - human responded with move SAME_DIRECTION for turn 8
20/09/2014 12:07:39.233 - ResponseLog] - [FINE] - 0 (10, 10) wants to move RIGHT
20/09/2014 12:07:39.233 - ResponseLog] - [FINE] - MyPlayer responded with move MOVE_UP for turn 8
20/09/2014 12:07:39.234 - ResponseLog] - [FINE] - 1 (17, 7) wants to move DOWN
20/09/2014 12:07:39.342 - ResponseLog] - [FINE] - human responded with move SAME_DIRECTION for turn 9
20/09/2014 12:07:39.342 - ResponseLog] - [FINE] - 0 (11, 10) wants to move RIGHT
20/09/2014 12:07:39.342 - ResponseLog] - [FINE] - MyPlayer responded with move MOVE_UP for turn 9
20/09/2014 12:07:39.343 - ResponseLog] - [FINE] - 1 (17, 8) wants to move DOWN
20/09/2014 12:07:39.450 - ResponseLog] - [FINE] - human responded with move SAME_DIRECTION for turn 10
20/09/2014 12:07:39.450 - ResponseLog] - [FINE] - 0 (12, 10) wants to move RIGHT
20/09/2014 12:07:39.451 - ResponseLog] - [FINE] - MyPlayer responded with move MOVE_LEFT for turn 10
20/09/2014 12:07:39.451 - ResponseLog] - [FINE] - 1 (17, 9) wants to move LEFT
20/09/2014 12:07:39.559 - ResponseLog] - [FINE] - human responded with move SAME_DIRECTION for turn 11
20/09/2014 12:07:39.559 - ResponseLog] - [FINE] - 0 (13, 10) wants to move RIGHT
20/09/2014 12:07:39.560 - ResponseLog] - [FINE] - MyPlayer responded with move MOVE_DOWN for turn 11
20/09/2014 12:07:39.560 - ResponseLog] - [FINE] - 1 (16, 9) wants to move DOWN
20/09/2014 12:07:39.669 - ResponseLog] - [FINE] - human responded with move SAME_DIRECTION for turn 12
20/09/2014 12:07:39.669 - ResponseLog] - [FINE] - 0 (14, 10) wants to move RIGHT
20/09/2014 12:07:39.669 - ResponseLog] - [FINE] - MyPlayer responded with move MOVE_LEFT for turn 12
20/09/2014 12:07:39.669 - ResponseLog] - [FINE] - 1 (16, 9) wants to move LEFT
20/09/2014 12:07:39.778 - ResponseLog] - [FINE] - human responded with move SAME_DIRECTION for turn 13
20/09/2014 12:07:39.779 - ResponseLog] - [FINE] - 0 (15, 10) wants to move RIGHT
20/09/2014 12:07:39.779 - ResponseLog] - [FINE] - MyPlayer responded with move MOVE_UP for turn 13
20/09/2014 12:07:39.780 - ResponseLog] - [FINE] - 1 (16, 9) wants to move UP
20/09/2014 12:07:39.882 - GameLog] - [FINE] - Player MyPlayer left
